{"level":"info","message":"Identity Service running on port 3001","service":"identity-service","timestamp":"2025-11-18T15:18:54.908Z"}
{"level":"info","message":"Identity Service running on port 3001","service":"identity-service","timestamp":"2025-11-18T15:18:55.233Z"}
{"level":"info","message":"Connected to MongoDB","service":"identity-service","timestamp":"2025-11-18T15:18:56.130Z"}
{"level":"info","message":"Identity Service running on port 3001","service":"identity-service","timestamp":"2025-11-18T15:19:03.011Z"}
{"level":"info","message":"Connected to MongoDB","service":"identity-service","timestamp":"2025-11-18T15:19:03.764Z"}
{"level":"error","message":"Unhandled Rejection at: Promise {\n  <rejected> MaxRetriesPerRequestError: Reached the max retries per request limit (which is 20). Refer to \"maxRetriesPerRequest\" option for details.\n      at Socket.<anonymous> (/Users/z0diac/Desktop/social-media-microservices/identity-service/node_modules/ioredis/built/redis/event_handler.js:207:37)\n      at Object.onceWrapper (node:events:623:26)\n      at Socket.emit (node:events:508:28)\n      at TCP.<anonymous> (node:net:346:12)\n}, reason: MaxRetriesPerRequestError: Reached the max retries per request limit (which is 20). Refer to \"maxRetriesPerRequest\" option for details.\n    at Socket.<anonymous> (/Users/z0diac/Desktop/social-media-microservices/identity-service/node_modules/ioredis/built/redis/event_handler.js:207:37)\n    at Object.onceWrapper (node:events:623:26)\n    at Socket.emit (node:events:508:28)\n    at TCP.<anonymous> (node:net:346:12)","service":"identity-service","timestamp":"2025-11-18T15:19:05.779Z"}
{"level":"error","message":"Unhandled Rejection at: Promise {\n  <rejected> MaxRetriesPerRequestError: Reached the max retries per request limit (which is 20). Refer to \"maxRetriesPerRequest\" option for details.\n      at Socket.<anonymous> (/Users/z0diac/Desktop/social-media-microservices/identity-service/node_modules/ioredis/built/redis/event_handler.js:207:37)\n      at Object.onceWrapper (node:events:623:26)\n      at Socket.emit (node:events:508:28)\n      at TCP.<anonymous> (node:net:346:12)\n}, reason: MaxRetriesPerRequestError: Reached the max retries per request limit (which is 20). Refer to \"maxRetriesPerRequest\" option for details.\n    at Socket.<anonymous> (/Users/z0diac/Desktop/social-media-microservices/identity-service/node_modules/ioredis/built/redis/event_handler.js:207:37)\n    at Object.onceWrapper (node:events:623:26)\n    at Socket.emit (node:events:508:28)\n    at TCP.<anonymous> (node:net:346:12)","service":"identity-service","timestamp":"2025-11-18T15:19:05.782Z"}
{"level":"error","message":"Unhandled Rejection at: Promise {\n  <rejected> MaxRetriesPerRequestError: Reached the max retries per request limit (which is 20). Refer to \"maxRetriesPerRequest\" option for details.\n      at Socket.<anonymous> (/Users/z0diac/Desktop/social-media-microservices/identity-service/node_modules/ioredis/built/redis/event_handler.js:207:37)\n      at Object.onceWrapper (node:events:623:26)\n      at Socket.emit (node:events:508:28)\n      at TCP.<anonymous> (node:net:346:12)\n}, reason: MaxRetriesPerRequestError: Reached the max retries per request limit (which is 20). Refer to \"maxRetriesPerRequest\" option for details.\n    at Socket.<anonymous> (/Users/z0diac/Desktop/social-media-microservices/identity-service/node_modules/ioredis/built/redis/event_handler.js:207:37)\n    at Object.onceWrapper (node:events:623:26)\n    at Socket.emit (node:events:508:28)\n    at TCP.<anonymous> (node:net:346:12)","service":"identity-service","timestamp":"2025-11-18T15:19:13.560Z"}
{"level":"error","message":"Unhandled Rejection at: Promise {\n  <rejected> MaxRetriesPerRequestError: Reached the max retries per request limit (which is 20). Refer to \"maxRetriesPerRequest\" option for details.\n      at Socket.<anonymous> (/Users/z0diac/Desktop/social-media-microservices/identity-service/node_modules/ioredis/built/redis/event_handler.js:207:37)\n      at Object.onceWrapper (node:events:623:26)\n      at Socket.emit (node:events:508:28)\n      at TCP.<anonymous> (node:net:346:12)\n}, reason: MaxRetriesPerRequestError: Reached the max retries per request limit (which is 20). Refer to \"maxRetriesPerRequest\" option for details.\n    at Socket.<anonymous> (/Users/z0diac/Desktop/social-media-microservices/identity-service/node_modules/ioredis/built/redis/event_handler.js:207:37)\n    at Object.onceWrapper (node:events:623:26)\n    at Socket.emit (node:events:508:28)\n    at TCP.<anonymous> (node:net:346:12)","service":"identity-service","timestamp":"2025-11-18T15:19:13.562Z"}
{"level":"info","message":"Identity Service running on port 3001","service":"identity-service","timestamp":"2025-11-18T15:29:01.225Z"}
{"level":"info","message":"Connected to MongoDB","service":"identity-service","timestamp":"2025-11-18T15:29:02.193Z"}
{"level":"info","message":"Identity Service running on port 3001","service":"identity-service","timestamp":"2025-11-18T15:32:45.935Z"}
{"level":"info","message":"Connected to MongoDB","service":"identity-service","timestamp":"2025-11-18T15:32:46.964Z"}
{"level":"info","message":"Identity Service running on port 3001","service":"identity-service","timestamp":"2025-11-18T18:16:13.647Z"}
{"level":"info","message":"Connected to MongoDB","service":"identity-service","timestamp":"2025-11-18T18:16:14.202Z"}
{"level":"info","message":"Recieved POST request for /api/auth/register","service":"identity-service","timestamp":"2025-11-18T18:19:49.190Z"}
{"level":"info","message":"request body is [object Object]","service":"identity-service","timestamp":"2025-11-18T18:19:49.190Z"}
{"level":"info","message":"Hit registerUser endpoint","service":"identity-service","timestamp":"2025-11-18T18:19:49.193Z"}
{"level":"warn","message":"Validation failed during user registration: \"password\" length must be at least 8 characters long","service":"identity-service","timestamp":"2025-11-18T18:19:49.196Z"}
{"level":"info","message":"Recieved POST request for /api/auth/register","service":"identity-service","timestamp":"2025-11-18T18:20:03.135Z"}
{"level":"info","message":"request body is [object Object]","service":"identity-service","timestamp":"2025-11-18T18:20:03.136Z"}
{"level":"info","message":"Hit registerUser endpoint","service":"identity-service","timestamp":"2025-11-18T18:20:03.137Z"}
{"level":"warn","message":"New user registered: 691cb8d31ef84125557c1de6","service":"identity-service","timestamp":"2025-11-18T18:20:03.280Z"}
{"level":"info","message":"Identity Service running on port 3001","service":"identity-service","timestamp":"2025-11-20T21:08:18.242Z"}
{"level":"error","message":"Failed to connect to MongoDB: Invalid scheme, expected connection string to start with \"mongodb://\" or \"mongodb+srv://\"","service":"identity-service","timestamp":"2025-11-20T21:08:18.243Z"}
{"level":"info","message":"Identity Service running on port 3001","service":"identity-service","timestamp":"2025-11-20T21:09:10.219Z"}
{"level":"info","message":"Connected to MongoDB","service":"identity-service","timestamp":"2025-11-20T21:09:11.761Z"}
{"level":"info","message":"Identity Service running on port 3001","service":"identity-service","timestamp":"2025-11-25T01:16:59.017Z"}
{"level":"info","message":"Connected to MongoDB","service":"identity-service","timestamp":"2025-11-25T01:16:59.402Z"}
{"level":"info","message":"Recieved POST request for /api/auth/register","service":"identity-service","timestamp":"2025-11-25T01:17:06.904Z"}
{"level":"info","message":"request body is [object Object]","service":"identity-service","timestamp":"2025-11-25T01:17:06.904Z"}
{"level":"info","message":"Hit registerUser endpoint","service":"identity-service","timestamp":"2025-11-25T01:17:06.908Z"}
{"level":"warn","message":"Validation failed during user registration: \"password\" length must be at least 8 characters long","service":"identity-service","timestamp":"2025-11-25T01:17:06.912Z"}
{"level":"info","message":"Recieved POST request for /api/auth/register","service":"identity-service","timestamp":"2025-11-25T01:17:15.883Z"}
{"level":"info","message":"request body is [object Object]","service":"identity-service","timestamp":"2025-11-25T01:17:15.883Z"}
{"level":"info","message":"Hit registerUser endpoint","service":"identity-service","timestamp":"2025-11-25T01:17:15.885Z"}
{"level":"warn","message":"New user registered: 6925039bf12d29a7b2a5fcf6","service":"identity-service","timestamp":"2025-11-25T01:17:16.024Z"}
{"level":"info","message":"Identity Service running on port 3001","service":"identity-service","timestamp":"2025-12-06T15:32:42.324Z"}
{"level":"info","message":"Connected to MongoDB","service":"identity-service","timestamp":"2025-12-06T15:32:42.925Z"}
{"level":"info","message":"Recieved POST request for /api/auth/register","service":"identity-service","timestamp":"2025-12-06T15:35:30.710Z"}
{"level":"info","message":"request body is [object Object]","service":"identity-service","timestamp":"2025-12-06T15:35:30.710Z"}
{"level":"info","message":"Hit registerUser endpoint","service":"identity-service","timestamp":"2025-12-06T15:35:30.714Z"}
{"level":"warn","message":"New user registered: 69344d424ba0981b3f6df424","service":"identity-service","timestamp":"2025-12-06T15:35:30.852Z"}
{"level":"info","message":"Recieved POST request for /api/auth/login","service":"identity-service","timestamp":"2025-12-06T15:36:49.179Z"}
{"level":"info","message":"request body is [object Object]","service":"identity-service","timestamp":"2025-12-06T15:36:49.180Z"}
{"level":"info","message":"Hit loginUser endpoint","service":"identity-service","timestamp":"2025-12-06T15:36:49.181Z"}
{"level":"info","message":"Recieved POST request for /api/auth/login","service":"identity-service","timestamp":"2025-12-06T16:04:32.740Z"}
{"level":"info","message":"request body is [object Object]","service":"identity-service","timestamp":"2025-12-06T16:04:32.740Z"}
{"level":"info","message":"Hit loginUser endpoint","service":"identity-service","timestamp":"2025-12-06T16:04:32.741Z"}
{"level":"info","message":"Recieved POST request for /api/auth/register","service":"identity-service","timestamp":"2025-12-06T16:05:10.516Z"}
{"level":"info","message":"request body is [object Object]","service":"identity-service","timestamp":"2025-12-06T16:05:10.516Z"}
{"level":"info","message":"Hit registerUser endpoint","service":"identity-service","timestamp":"2025-12-06T16:05:10.517Z"}
{"level":"warn","message":"Registration attempt with existing email or username: aarohb.1507@gmail.com, aaroh","service":"identity-service","timestamp":"2025-12-06T16:05:10.548Z"}
{"level":"info","message":"Recieved POST request for /api/auth/register","service":"identity-service","timestamp":"2025-12-06T16:05:19.058Z"}
{"level":"info","message":"request body is [object Object]","service":"identity-service","timestamp":"2025-12-06T16:05:19.058Z"}
{"level":"info","message":"Hit registerUser endpoint","service":"identity-service","timestamp":"2025-12-06T16:05:19.060Z"}
{"level":"warn","message":"Registration attempt with existing email or username: aarohb.1507@gmail.com, aarohb","service":"identity-service","timestamp":"2025-12-06T16:05:19.293Z"}
{"level":"info","message":"Recieved POST request for /api/auth/register","service":"identity-service","timestamp":"2025-12-06T16:05:37.929Z"}
{"level":"info","message":"request body is [object Object]","service":"identity-service","timestamp":"2025-12-06T16:05:37.929Z"}
{"level":"info","message":"Hit registerUser endpoint","service":"identity-service","timestamp":"2025-12-06T16:05:37.933Z"}
{"level":"warn","message":"New user registered: 693454514ba0981b3f6df431","service":"identity-service","timestamp":"2025-12-06T16:05:38.049Z"}
{"level":"info","message":"Recieved POST request for /api/auth/login","service":"identity-service","timestamp":"2025-12-06T16:06:00.412Z"}
{"level":"info","message":"request body is [object Object]","service":"identity-service","timestamp":"2025-12-06T16:06:00.412Z"}
{"level":"info","message":"Hit loginUser endpoint","service":"identity-service","timestamp":"2025-12-06T16:06:00.413Z"}
{"level":"warn","message":"Login attempt with unregistered email: aaroh.1497@gmail.com","service":"identity-service","timestamp":"2025-12-06T16:06:00.441Z"}
{"level":"info","message":"Recieved POST request for /api/auth/login","service":"identity-service","timestamp":"2025-12-06T16:06:05.664Z"}
{"level":"info","message":"request body is [object Object]","service":"identity-service","timestamp":"2025-12-06T16:06:05.664Z"}
{"level":"info","message":"Hit loginUser endpoint","service":"identity-service","timestamp":"2025-12-06T16:06:05.665Z"}
{"level":"info","message":"Recieved POST request for /api/auth/login","service":"identity-service","timestamp":"2025-12-06T19:07:50.236Z"}
{"level":"info","message":"request body is [object Object]","service":"identity-service","timestamp":"2025-12-06T19:07:50.237Z"}
{"level":"info","message":"Hit loginUser endpoint","service":"identity-service","timestamp":"2025-12-06T19:07:50.238Z"}
{"level":"info","message":"Recieved POST request for /api/auth/login","service":"identity-service","timestamp":"2025-12-06T19:49:03.803Z"}
{"level":"info","message":"request body is [object Object]","service":"identity-service","timestamp":"2025-12-06T19:49:03.804Z"}
{"level":"info","message":"Hit loginUser endpoint","service":"identity-service","timestamp":"2025-12-06T19:49:03.806Z"}
{"level":"info","message":"Recieved POST request for /api/auth/login","service":"identity-service","timestamp":"2025-12-06T20:03:21.198Z"}
{"level":"info","message":"request body is [object Object]","service":"identity-service","timestamp":"2025-12-06T20:03:21.198Z"}
{"level":"info","message":"Hit loginUser endpoint","service":"identity-service","timestamp":"2025-12-06T20:03:21.198Z"}
{"level":"info","message":"Identity Service running on port 3001","service":"identity-service","timestamp":"2025-12-07T11:19:24.574Z"}
{"level":"info","message":"Connected to MongoDB","service":"identity-service","timestamp":"2025-12-07T11:19:24.922Z"}
{"level":"info","message":"Recieved POST request for /api/auth/login","service":"identity-service","timestamp":"2025-12-07T11:19:57.053Z"}
{"level":"info","message":"request body is [object Object]","service":"identity-service","timestamp":"2025-12-07T11:19:57.053Z"}
{"level":"info","message":"Hit loginUser endpoint","service":"identity-service","timestamp":"2025-12-07T11:19:57.055Z"}
{"level":"info","message":"Recieved POST request for /api/auth/login","service":"identity-service","timestamp":"2025-12-07T11:21:34.241Z"}
{"level":"info","message":"request body is [object Object]","service":"identity-service","timestamp":"2025-12-07T11:21:34.241Z"}
{"level":"info","message":"Hit loginUser endpoint","service":"identity-service","timestamp":"2025-12-07T11:21:34.242Z"}
{"level":"info","message":"Recieved POST request for /api/auth/login","service":"identity-service","timestamp":"2025-12-07T11:35:19.070Z"}
{"level":"info","message":"request body is [object Object]","service":"identity-service","timestamp":"2025-12-07T11:35:19.070Z"}
{"level":"info","message":"Hit loginUser endpoint","service":"identity-service","timestamp":"2025-12-07T11:35:19.072Z"}
{"level":"info","message":"Identity Service running on port 3001","service":"identity-service","timestamp":"2025-12-07T11:35:42.234Z"}
{"level":"info","message":"Connected to MongoDB","service":"identity-service","timestamp":"2025-12-07T11:35:42.578Z"}
{"level":"info","message":"Recieved POST request for /api/auth/login","service":"identity-service","timestamp":"2025-12-07T11:35:57.948Z"}
{"level":"info","message":"request body is [object Object]","service":"identity-service","timestamp":"2025-12-07T11:35:57.948Z"}
{"level":"info","message":"Hit loginUser endpoint","service":"identity-service","timestamp":"2025-12-07T11:35:57.950Z"}
{"level":"info","message":"Recieved POST request for /api/auth/login","service":"identity-service","timestamp":"2025-12-07T12:34:43.630Z"}
{"level":"info","message":"request body is [object Object]","service":"identity-service","timestamp":"2025-12-07T12:34:43.631Z"}
{"level":"info","message":"Hit loginUser endpoint","service":"identity-service","timestamp":"2025-12-07T12:34:43.633Z"}
{"level":"info","message":"Identity Service running on port 3001","service":"identity-service","timestamp":"2025-12-07T15:31:26.729Z"}
{"level":"info","message":"Connected to MongoDB","service":"identity-service","timestamp":"2025-12-07T15:31:27.172Z"}
